<?xml version="1.0" encoding="UTF-8"?>
<testng-results ignored="0" total="2" passed="2" failed="0" skipped="0">
  <reporter-output>
  </reporter-output>
  <suite started-at="2022-09-01T16:10:00Z" name="Default suite" finished-at="2022-09-01T16:10:36Z" duration-ms="35840">
    <groups>
    </groups>
    <test started-at="2022-09-01T16:10:00Z" name="Default test" finished-at="2022-09-01T16:10:36Z" duration-ms="35840">
      <class name="bbcTest.viewingCommentsTest">
        <test-method is-config="true" signature="launchBrowser()[pri:0, instance:bbcTest.viewingCommentsTest@6155d082]" started-at="2022-09-01T16:10:00Z" name="launchBrowser" finished-at="2022-09-01T16:10:07Z" duration-ms="6485" status="PASS">
          <reporter-output>
          </reporter-output>
        </test-method> <!-- launchBrowser -->
        <test-method signature="verifyCommentsDisplayed()[pri:0, instance:bbcTest.viewingCommentsTest@6155d082]" started-at="2022-09-01T16:10:07Z" name="verifyCommentsDisplayed" description="Verify Comments can be viewed but comments cannot be posted when user is not signed in " finished-at="2022-09-01T16:10:12Z" duration-ms="5592" status="PASS">
          <reporter-output>
          </reporter-output>
        </test-method> <!-- verifyCommentsDisplayed -->
        <test-method is-config="true" signature="closeBrowser()[pri:0, instance:bbcTest.viewingCommentsTest@6155d082]" started-at="2022-09-01T16:10:12Z" name="closeBrowser" finished-at="2022-09-01T16:10:13Z" duration-ms="465" status="PASS">
          <reporter-output>
          </reporter-output>
        </test-method> <!-- closeBrowser -->
        <test-method is-config="true" signature="launchBrowser()[pri:0, instance:bbcTest.viewingCommentsTest@6155d082]" started-at="2022-09-01T16:10:13Z" name="launchBrowser" finished-at="2022-09-01T16:10:18Z" duration-ms="4865" status="PASS">
          <reporter-output>
          </reporter-output>
        </test-method> <!-- launchBrowser -->
        <test-method signature="VerifyPostingofComments()[pri:1, instance:bbcTest.viewingCommentsTest@6155d082]" started-at="2022-09-01T16:10:18Z" name="VerifyPostingofComments" description="Verify Comments can be viewed and can be posted when user is signed in " finished-at="2022-09-01T16:10:35Z" duration-ms="17850" status="PASS">
          <reporter-output>
          </reporter-output>
        </test-method> <!-- VerifyPostingofComments -->
        <test-method is-config="true" signature="closeBrowser()[pri:0, instance:bbcTest.viewingCommentsTest@6155d082]" started-at="2022-09-01T16:10:35Z" name="closeBrowser" finished-at="2022-09-01T16:10:36Z" duration-ms="554" status="PASS">
          <reporter-output>
          </reporter-output>
        </test-method> <!-- closeBrowser -->
      </class> <!-- bbcTest.viewingCommentsTest -->
    </test> <!-- Default test -->
  </suite> <!-- Default suite -->
</testng-results>
