<?xml version="1.0" encoding="UTF-8"?>
<testng-results ignored="0" total="2" passed="2" failed="0" skipped="0">
  <reporter-output>
  </reporter-output>
  <suite started-at="2022-09-02T16:25:15Z" name="Suite" finished-at="2022-09-02T16:25:51Z" duration-ms="36277">
    <groups>
    </groups>
    <test started-at="2022-09-02T16:25:15Z" name="Viewing comments in BBC News site" finished-at="2022-09-02T16:25:51Z" duration-ms="36277">
      <class name="bbcTest.viewingCommentsTest">
        <test-method is-config="true" signature="launchBrowser()[pri:0, instance:bbcTest.viewingCommentsTest@30b7c004]" started-at="2022-09-02T16:25:15Z" name="launchBrowser" finished-at="2022-09-02T16:25:25Z" duration-ms="9936" status="PASS">
          <reporter-output>
          </reporter-output>
        </test-method> <!-- launchBrowser -->
        <test-method signature="verifyCommentsDisplayed()[pri:0, instance:bbcTest.viewingCommentsTest@30b7c004]" started-at="2022-09-02T16:25:25Z" name="verifyCommentsDisplayed" description="Verify Comments can be viewed but comments cannot be posted when user is not signed in " finished-at="2022-09-02T16:25:29Z" duration-ms="4512" status="PASS">
          <reporter-output>
          </reporter-output>
        </test-method> <!-- verifyCommentsDisplayed -->
        <test-method is-config="true" signature="closeBrowser()[pri:0, instance:bbcTest.viewingCommentsTest@30b7c004]" started-at="2022-09-02T16:25:29Z" name="closeBrowser" finished-at="2022-09-02T16:25:30Z" duration-ms="442" status="PASS">
          <reporter-output>
          </reporter-output>
        </test-method> <!-- closeBrowser -->
        <test-method is-config="true" signature="launchBrowser()[pri:0, instance:bbcTest.viewingCommentsTest@30b7c004]" started-at="2022-09-02T16:25:30Z" name="launchBrowser" finished-at="2022-09-02T16:25:35Z" duration-ms="4734" status="PASS">
          <reporter-output>
          </reporter-output>
        </test-method> <!-- launchBrowser -->
        <test-method signature="VerifyPostingofComments()[pri:1, instance:bbcTest.viewingCommentsTest@30b7c004]" started-at="2022-09-02T16:25:35Z" name="VerifyPostingofComments" description="Verify Comments can be viewed and can be posted when user is signed in " finished-at="2022-09-02T16:25:51Z" duration-ms="16186" status="PASS">
          <reporter-output>
          </reporter-output>
        </test-method> <!-- VerifyPostingofComments -->
        <test-method is-config="true" signature="closeBrowser()[pri:0, instance:bbcTest.viewingCommentsTest@30b7c004]" started-at="2022-09-02T16:25:51Z" name="closeBrowser" finished-at="2022-09-02T16:25:51Z" duration-ms="444" status="PASS">
          <reporter-output>
          </reporter-output>
        </test-method> <!-- closeBrowser -->
      </class> <!-- bbcTest.viewingCommentsTest -->
    </test> <!-- Viewing comments in BBC News site -->
  </suite> <!-- Suite -->
</testng-results>
