<?xml version="1.0" encoding="UTF-8"?>
<!-- Generated by org.testng.reporters.JUnitXMLReporter -->
<testsuite ignored="0" hostname="LAPTOP-UI6AB5CI" failures="0" tests="2" name="Viewing comments in BBC News site" time="36.277" errors="0" timestamp="02 Sept 2022 16:25:51 GMT">
  <testcase classname="bbcTest.viewingCommentsTest" name="verifyCommentsDisplayed" time="4.512"/>
  <testcase classname="bbcTest.viewingCommentsTest" name="VerifyPostingofComments" time="16.186"/>
</testsuite> <!-- Viewing comments in BBC News site -->
